Pig Stack Trace
---------------
ERROR 1070: Could not resolve DISTINCT using imports: [, java.lang., org.apache.pig.builtin., org.apache.pig.impl.builtin.]

Failed to parse: Pig script failed to parse: 
<line 4, column 39> Failed to generate logical plan. Nested exception: org.apache.pig.backend.executionengine.ExecException: ERROR 1070: Could not resolve DISTINCT using imports: [, java.lang., org.apache.pig.builtin., org.apache.pig.impl.builtin.]
	at org.apache.pig.parser.QueryParserDriver.parse(QueryParserDriver.java:199)
	at org.apache.pig.PigServer$Graph.validateQuery(PigServer.java:1707)
	at org.apache.pig.PigServer$Graph.registerQuery(PigServer.java:1680)
	at org.apache.pig.PigServer.registerQuery(PigServer.java:623)
	at org.apache.pig.tools.grunt.GruntParser.processPig(GruntParser.java:1082)
	at org.apache.pig.tools.pigscript.parser.PigScriptParser.parse(PigScriptParser.java:505)
	at org.apache.pig.tools.grunt.GruntParser.parseStopOnError(GruntParser.java:230)
	at org.apache.pig.tools.grunt.GruntParser.parseStopOnError(GruntParser.java:205)
	at org.apache.pig.tools.grunt.Grunt.run(Grunt.java:66)
	at org.apache.pig.Main.run(Main.java:565)
	at org.apache.pig.Main.main(Main.java:177)
	at sun.reflect.NativeMethodAccessorImpl.invoke0(Native Method)
	at sun.reflect.NativeMethodAccessorImpl.invoke(NativeMethodAccessorImpl.java:57)
	at sun.reflect.DelegatingMethodAccessorImpl.invoke(DelegatingMethodAccessorImpl.java:43)
	at java.lang.reflect.Method.invoke(Method.java:606)
	at org.apache.hadoop.util.RunJar.run(RunJar.java:221)
	at org.apache.hadoop.util.RunJar.main(RunJar.java:136)
Caused by: 
<line 4, column 39> Failed to generate logical plan. Nested exception: org.apache.pig.backend.executionengine.ExecException: ERROR 1070: Could not resolve DISTINCT using imports: [, java.lang., org.apache.pig.builtin., org.apache.pig.impl.builtin.]
	at org.apache.pig.parser.LogicalPlanBuilder.buildUDF(LogicalPlanBuilder.java:1572)
	at org.apache.pig.parser.LogicalPlanGenerator.func_eval(LogicalPlanGenerator.java:9403)
	at org.apache.pig.parser.LogicalPlanGenerator.projectable_expr(LogicalPlanGenerator.java:11082)
	at org.apache.pig.parser.LogicalPlanGenerator.var_expr(LogicalPlanGenerator.java:10841)
	at org.apache.pig.parser.LogicalPlanGenerator.expr(LogicalPlanGenerator.java:10190)
	at org.apache.pig.parser.LogicalPlanGenerator.flatten_generated_item(LogicalPlanGenerator.java:7519)
	at org.apache.pig.parser.LogicalPlanGenerator.generate_clause(LogicalPlanGenerator.java:17621)
	at org.apache.pig.parser.LogicalPlanGenerator.foreach_plan(LogicalPlanGenerator.java:16013)
	at org.apache.pig.parser.LogicalPlanGenerator.foreach_clause(LogicalPlanGenerator.java:15880)
	at org.apache.pig.parser.LogicalPlanGenerator.op_clause(LogicalPlanGenerator.java:1933)
	at org.apache.pig.parser.LogicalPlanGenerator.general_statement(LogicalPlanGenerator.java:1102)
	at org.apache.pig.parser.LogicalPlanGenerator.statement(LogicalPlanGenerator.java:560)
	at org.apache.pig.parser.LogicalPlanGenerator.query(LogicalPlanGenerator.java:421)
	at org.apache.pig.parser.QueryParserDriver.parse(QueryParserDriver.java:191)
	... 16 more
Caused by: org.apache.pig.backend.executionengine.ExecException: ERROR 1070: Could not resolve DISTINCT using imports: [, java.lang., org.apache.pig.builtin., org.apache.pig.impl.builtin.]
	at org.apache.pig.impl.PigContext.resolveClassName(PigContext.java:677)
	at org.apache.pig.impl.PigContext.getClassForAlias(PigContext.java:793)
	at org.apache.pig.parser.LogicalPlanBuilder.buildUDF(LogicalPlanBuilder.java:1569)
	... 29 more
================================================================================
Pig Stack Trace
---------------
ERROR 1200: <line 4, column 48>  mismatched input 'userA' expecting LEFT_PAREN

Failed to parse: <line 4, column 48>  mismatched input 'userA' expecting LEFT_PAREN
	at org.apache.pig.parser.QueryParserDriver.parse(QueryParserDriver.java:244)
	at org.apache.pig.parser.QueryParserDriver.parse(QueryParserDriver.java:182)
	at org.apache.pig.PigServer$Graph.validateQuery(PigServer.java:1707)
	at org.apache.pig.PigServer$Graph.registerQuery(PigServer.java:1680)
	at org.apache.pig.PigServer.registerQuery(PigServer.java:623)
	at org.apache.pig.tools.grunt.GruntParser.processPig(GruntParser.java:1082)
	at org.apache.pig.tools.pigscript.parser.PigScriptParser.parse(PigScriptParser.java:505)
	at org.apache.pig.tools.grunt.GruntParser.parseStopOnError(GruntParser.java:230)
	at org.apache.pig.tools.grunt.GruntParser.parseStopOnError(GruntParser.java:205)
	at org.apache.pig.tools.grunt.Grunt.run(Grunt.java:66)
	at org.apache.pig.Main.run(Main.java:565)
	at org.apache.pig.Main.main(Main.java:177)
	at sun.reflect.NativeMethodAccessorImpl.invoke0(Native Method)
	at sun.reflect.NativeMethodAccessorImpl.invoke(NativeMethodAccessorImpl.java:57)
	at sun.reflect.DelegatingMethodAccessorImpl.invoke(DelegatingMethodAccessorImpl.java:43)
	at java.lang.reflect.Method.invoke(Method.java:606)
	at org.apache.hadoop.util.RunJar.run(RunJar.java:221)
	at org.apache.hadoop.util.RunJar.main(RunJar.java:136)
================================================================================
Pig Stack Trace
---------------
ERROR 1200: <line 4, column 20>  Syntax error, unexpected symbol at or near 'FOREACH'

Failed to parse: <line 4, column 20>  Syntax error, unexpected symbol at or near 'FOREACH'
	at org.apache.pig.parser.QueryParserDriver.parse(QueryParserDriver.java:244)
	at org.apache.pig.parser.QueryParserDriver.parse(QueryParserDriver.java:182)
	at org.apache.pig.PigServer$Graph.validateQuery(PigServer.java:1707)
	at org.apache.pig.PigServer$Graph.registerQuery(PigServer.java:1680)
	at org.apache.pig.PigServer.registerQuery(PigServer.java:623)
	at org.apache.pig.tools.grunt.GruntParser.processPig(GruntParser.java:1082)
	at org.apache.pig.tools.pigscript.parser.PigScriptParser.parse(PigScriptParser.java:505)
	at org.apache.pig.tools.grunt.GruntParser.parseStopOnError(GruntParser.java:230)
	at org.apache.pig.tools.grunt.GruntParser.parseStopOnError(GruntParser.java:205)
	at org.apache.pig.tools.grunt.Grunt.run(Grunt.java:66)
	at org.apache.pig.Main.run(Main.java:565)
	at org.apache.pig.Main.main(Main.java:177)
	at sun.reflect.NativeMethodAccessorImpl.invoke0(Native Method)
	at sun.reflect.NativeMethodAccessorImpl.invoke(NativeMethodAccessorImpl.java:57)
	at sun.reflect.DelegatingMethodAccessorImpl.invoke(DelegatingMethodAccessorImpl.java:43)
	at java.lang.reflect.Method.invoke(Method.java:606)
	at org.apache.hadoop.util.RunJar.run(RunJar.java:221)
	at org.apache.hadoop.util.RunJar.main(RunJar.java:136)
================================================================================
Pig Stack Trace
---------------
ERROR 1003: Unable to find an operator for alias All_UsersInWalL

org.apache.pig.impl.logicalLayer.FrontendException: ERROR 1003: Unable to find an operator for alias All_UsersInWalL
	at org.apache.pig.PigServer$Graph.buildPlan(PigServer.java:1544)
	at org.apache.pig.PigServer.storeEx(PigServer.java:1029)
	at org.apache.pig.PigServer.store(PigServer.java:997)
	at org.apache.pig.PigServer.openIterator(PigServer.java:910)
	at org.apache.pig.tools.grunt.GruntParser.processDump(GruntParser.java:754)
	at org.apache.pig.tools.pigscript.parser.PigScriptParser.parse(PigScriptParser.java:376)
	at org.apache.pig.tools.grunt.GruntParser.parseStopOnError(GruntParser.java:230)
	at org.apache.pig.tools.grunt.GruntParser.parseStopOnError(GruntParser.java:205)
	at org.apache.pig.tools.grunt.Grunt.run(Grunt.java:66)
	at org.apache.pig.Main.run(Main.java:565)
	at org.apache.pig.Main.main(Main.java:177)
	at sun.reflect.NativeMethodAccessorImpl.invoke0(Native Method)
	at sun.reflect.NativeMethodAccessorImpl.invoke(NativeMethodAccessorImpl.java:57)
	at sun.reflect.DelegatingMethodAccessorImpl.invoke(DelegatingMethodAccessorImpl.java:43)
	at java.lang.reflect.Method.invoke(Method.java:606)
	at org.apache.hadoop.util.RunJar.run(RunJar.java:221)
	at org.apache.hadoop.util.RunJar.main(RunJar.java:136)
================================================================================
Pig Stack Trace
---------------
ERROR 1200: Pig script failed to parse: 
<line 37, column 6> Undefined alias: final_count

Failed to parse: Pig script failed to parse: 
<line 37, column 6> Undefined alias: final_count
	at org.apache.pig.parser.QueryParserDriver.parse(QueryParserDriver.java:199)
	at org.apache.pig.PigServer$Graph.validateQuery(PigServer.java:1707)
	at org.apache.pig.PigServer$Graph.registerQuery(PigServer.java:1680)
	at org.apache.pig.PigServer.registerQuery(PigServer.java:623)
	at org.apache.pig.tools.grunt.GruntParser.processPig(GruntParser.java:1082)
	at org.apache.pig.tools.pigscript.parser.PigScriptParser.parse(PigScriptParser.java:505)
	at org.apache.pig.tools.grunt.GruntParser.parseStopOnError(GruntParser.java:230)
	at org.apache.pig.tools.grunt.GruntParser.parseStopOnError(GruntParser.java:205)
	at org.apache.pig.tools.grunt.Grunt.run(Grunt.java:66)
	at org.apache.pig.Main.run(Main.java:565)
	at org.apache.pig.Main.main(Main.java:177)
	at sun.reflect.NativeMethodAccessorImpl.invoke0(Native Method)
	at sun.reflect.NativeMethodAccessorImpl.invoke(NativeMethodAccessorImpl.java:57)
	at sun.reflect.DelegatingMethodAccessorImpl.invoke(DelegatingMethodAccessorImpl.java:43)
	at java.lang.reflect.Method.invoke(Method.java:606)
	at org.apache.hadoop.util.RunJar.run(RunJar.java:221)
	at org.apache.hadoop.util.RunJar.main(RunJar.java:136)
Caused by: 
<line 37, column 6> Undefined alias: final_count
	at org.apache.pig.parser.AstValidator.validateAliasRef(AstValidator.java:278)
	at org.apache.pig.parser.AstValidator.rel(AstValidator.java:6557)
	at org.apache.pig.parser.AstValidator.store_clause(AstValidator.java:7031)
	at org.apache.pig.parser.AstValidator.op_clause(AstValidator.java:1663)
	at org.apache.pig.parser.AstValidator.general_statement(AstValidator.java:1035)
	at org.apache.pig.parser.AstValidator.statement(AstValidator.java:499)
	at org.apache.pig.parser.AstValidator.query(AstValidator.java:373)
	at org.apache.pig.parser.QueryParserDriver.validateAst(QueryParserDriver.java:258)
	at org.apache.pig.parser.QueryParserDriver.parse(QueryParserDriver.java:186)
	... 16 more
================================================================================
Pig Stack Trace
---------------
ERROR 1103: Merge join/Cogroup only supports Filter, Foreach, Ascending Sort, or Load as its predecessors. Found : 

org.apache.pig.impl.logicalLayer.FrontendException: ERROR 1066: Unable to open iterator for alias Join1
	at org.apache.pig.PigServer.openIterator(PigServer.java:935)
	at org.apache.pig.tools.grunt.GruntParser.processDump(GruntParser.java:754)
	at org.apache.pig.tools.pigscript.parser.PigScriptParser.parse(PigScriptParser.java:376)
	at org.apache.pig.tools.grunt.GruntParser.parseStopOnError(GruntParser.java:230)
	at org.apache.pig.tools.grunt.GruntParser.parseStopOnError(GruntParser.java:205)
	at org.apache.pig.tools.grunt.Grunt.run(Grunt.java:66)
	at org.apache.pig.Main.run(Main.java:565)
	at org.apache.pig.Main.main(Main.java:177)
	at sun.reflect.NativeMethodAccessorImpl.invoke0(Native Method)
	at sun.reflect.NativeMethodAccessorImpl.invoke(NativeMethodAccessorImpl.java:57)
	at sun.reflect.DelegatingMethodAccessorImpl.invoke(DelegatingMethodAccessorImpl.java:43)
	at java.lang.reflect.Method.invoke(Method.java:606)
	at org.apache.hadoop.util.RunJar.run(RunJar.java:221)
	at org.apache.hadoop.util.RunJar.main(RunJar.java:136)
Caused by: org.apache.pig.PigException: ERROR 1002: Unable to store alias Join1
	at org.apache.pig.PigServer.storeEx(PigServer.java:1038)
	at org.apache.pig.PigServer.store(PigServer.java:997)
	at org.apache.pig.PigServer.openIterator(PigServer.java:910)
	... 13 more
Caused by: org.apache.pig.backend.hadoop.executionengine.physicalLayer.LogicalToPhysicalTranslatorException: ERROR 1103: Merge join/Cogroup only supports Filter, Foreach, Ascending Sort, or Load as its predecessors. Found : 
	at org.apache.pig.newplan.logical.relational.MapSideMergeValidator.validateMapSideMerge(MapSideMergeValidator.java:46)
	at org.apache.pig.newplan.logical.relational.MapSideMergeValidator.validateMapSideMerge(MapSideMergeValidator.java:51)
	at org.apache.pig.newplan.logical.relational.LogToPhyTranslationVisitor.visit(LogToPhyTranslationVisitor.java:1330)
	at org.apache.pig.newplan.logical.relational.LOJoin.accept(LOJoin.java:172)
	at org.apache.pig.newplan.DependencyOrderWalker.walk(DependencyOrderWalker.java:75)
	at org.apache.pig.newplan.PlanVisitor.visit(PlanVisitor.java:52)
	at org.apache.pig.backend.hadoop.executionengine.HExecutionEngine.compile(HExecutionEngine.java:260)
	at org.apache.pig.backend.hadoop.executionengine.HExecutionEngine.launchPig(HExecutionEngine.java:295)
	at org.apache.pig.PigServer.launchPlan(PigServer.java:1390)
	at org.apache.pig.PigServer.executeCompiledLogicalPlan(PigServer.java:1375)
	at org.apache.pig.PigServer.storeEx(PigServer.java:1034)
	... 15 more
================================================================================
Pig Stack Trace
---------------
ERROR 1103: Merge join/Cogroup only supports Filter, Foreach, Ascending Sort, or Load as its predecessors. Found : 

org.apache.pig.impl.logicalLayer.FrontendException: ERROR 1066: Unable to open iterator for alias Join1
	at org.apache.pig.PigServer.openIterator(PigServer.java:935)
	at org.apache.pig.tools.grunt.GruntParser.processDump(GruntParser.java:754)
	at org.apache.pig.tools.pigscript.parser.PigScriptParser.parse(PigScriptParser.java:376)
	at org.apache.pig.tools.grunt.GruntParser.parseStopOnError(GruntParser.java:230)
	at org.apache.pig.tools.grunt.GruntParser.parseStopOnError(GruntParser.java:205)
	at org.apache.pig.tools.grunt.Grunt.run(Grunt.java:66)
	at org.apache.pig.Main.run(Main.java:565)
	at org.apache.pig.Main.main(Main.java:177)
	at sun.reflect.NativeMethodAccessorImpl.invoke0(Native Method)
	at sun.reflect.NativeMethodAccessorImpl.invoke(NativeMethodAccessorImpl.java:57)
	at sun.reflect.DelegatingMethodAccessorImpl.invoke(DelegatingMethodAccessorImpl.java:43)
	at java.lang.reflect.Method.invoke(Method.java:606)
	at org.apache.hadoop.util.RunJar.run(RunJar.java:221)
	at org.apache.hadoop.util.RunJar.main(RunJar.java:136)
Caused by: org.apache.pig.PigException: ERROR 1002: Unable to store alias Join1
	at org.apache.pig.PigServer.storeEx(PigServer.java:1038)
	at org.apache.pig.PigServer.store(PigServer.java:997)
	at org.apache.pig.PigServer.openIterator(PigServer.java:910)
	... 13 more
Caused by: org.apache.pig.backend.hadoop.executionengine.physicalLayer.LogicalToPhysicalTranslatorException: ERROR 1103: Merge join/Cogroup only supports Filter, Foreach, Ascending Sort, or Load as its predecessors. Found : 
	at org.apache.pig.newplan.logical.relational.MapSideMergeValidator.validateMapSideMerge(MapSideMergeValidator.java:46)
	at org.apache.pig.newplan.logical.relational.MapSideMergeValidator.validateMapSideMerge(MapSideMergeValidator.java:51)
	at org.apache.pig.newplan.logical.relational.LogToPhyTranslationVisitor.visit(LogToPhyTranslationVisitor.java:1330)
	at org.apache.pig.newplan.logical.relational.LOJoin.accept(LOJoin.java:172)
	at org.apache.pig.newplan.DependencyOrderWalker.walk(DependencyOrderWalker.java:75)
	at org.apache.pig.newplan.PlanVisitor.visit(PlanVisitor.java:52)
	at org.apache.pig.backend.hadoop.executionengine.HExecutionEngine.compile(HExecutionEngine.java:260)
	at org.apache.pig.backend.hadoop.executionengine.HExecutionEngine.launchPig(HExecutionEngine.java:295)
	at org.apache.pig.PigServer.launchPlan(PigServer.java:1390)
	at org.apache.pig.PigServer.executeCompiledLogicalPlan(PigServer.java:1375)
	at org.apache.pig.PigServer.storeEx(PigServer.java:1034)
	... 15 more
================================================================================
Pig Stack Trace
---------------
ERROR 1103: Merge join/Cogroup only supports Filter, Foreach, Ascending Sort, or Load as its predecessors. Found : 

org.apache.pig.impl.logicalLayer.FrontendException: ERROR 1066: Unable to open iterator for alias Join1
	at org.apache.pig.PigServer.openIterator(PigServer.java:935)
	at org.apache.pig.tools.grunt.GruntParser.processDump(GruntParser.java:754)
	at org.apache.pig.tools.pigscript.parser.PigScriptParser.parse(PigScriptParser.java:376)
	at org.apache.pig.tools.grunt.GruntParser.parseStopOnError(GruntParser.java:230)
	at org.apache.pig.tools.grunt.GruntParser.parseStopOnError(GruntParser.java:205)
	at org.apache.pig.tools.grunt.Grunt.run(Grunt.java:66)
	at org.apache.pig.Main.run(Main.java:565)
	at org.apache.pig.Main.main(Main.java:177)
	at sun.reflect.NativeMethodAccessorImpl.invoke0(Native Method)
	at sun.reflect.NativeMethodAccessorImpl.invoke(NativeMethodAccessorImpl.java:57)
	at sun.reflect.DelegatingMethodAccessorImpl.invoke(DelegatingMethodAccessorImpl.java:43)
	at java.lang.reflect.Method.invoke(Method.java:606)
	at org.apache.hadoop.util.RunJar.run(RunJar.java:221)
	at org.apache.hadoop.util.RunJar.main(RunJar.java:136)
Caused by: org.apache.pig.PigException: ERROR 1002: Unable to store alias Join1
	at org.apache.pig.PigServer.storeEx(PigServer.java:1038)
	at org.apache.pig.PigServer.store(PigServer.java:997)
	at org.apache.pig.PigServer.openIterator(PigServer.java:910)
	... 13 more
Caused by: org.apache.pig.backend.hadoop.executionengine.physicalLayer.LogicalToPhysicalTranslatorException: ERROR 1103: Merge join/Cogroup only supports Filter, Foreach, Ascending Sort, or Load as its predecessors. Found : 
	at org.apache.pig.newplan.logical.relational.MapSideMergeValidator.validateMapSideMerge(MapSideMergeValidator.java:46)
	at org.apache.pig.newplan.logical.relational.MapSideMergeValidator.validateMapSideMerge(MapSideMergeValidator.java:51)
	at org.apache.pig.newplan.logical.relational.LogToPhyTranslationVisitor.visit(LogToPhyTranslationVisitor.java:1330)
	at org.apache.pig.newplan.logical.relational.LOJoin.accept(LOJoin.java:172)
	at org.apache.pig.newplan.DependencyOrderWalker.walk(DependencyOrderWalker.java:75)
	at org.apache.pig.newplan.PlanVisitor.visit(PlanVisitor.java:52)
	at org.apache.pig.backend.hadoop.executionengine.HExecutionEngine.compile(HExecutionEngine.java:260)
	at org.apache.pig.backend.hadoop.executionengine.HExecutionEngine.launchPig(HExecutionEngine.java:295)
	at org.apache.pig.PigServer.launchPlan(PigServer.java:1390)
	at org.apache.pig.PigServer.executeCompiledLogicalPlan(PigServer.java:1375)
	at org.apache.pig.PigServer.storeEx(PigServer.java:1034)
	... 15 more
================================================================================
Pig Stack Trace
---------------
ERROR 1003: Unable to find an operator for alias linit

org.apache.pig.impl.logicalLayer.FrontendException: ERROR 1003: Unable to find an operator for alias linit
	at org.apache.pig.PigServer$Graph.buildPlan(PigServer.java:1544)
	at org.apache.pig.PigServer.storeEx(PigServer.java:1029)
	at org.apache.pig.PigServer.store(PigServer.java:997)
	at org.apache.pig.PigServer.openIterator(PigServer.java:910)
	at org.apache.pig.tools.grunt.GruntParser.processDump(GruntParser.java:754)
	at org.apache.pig.tools.pigscript.parser.PigScriptParser.parse(PigScriptParser.java:376)
	at org.apache.pig.tools.grunt.GruntParser.parseStopOnError(GruntParser.java:230)
	at org.apache.pig.tools.grunt.GruntParser.parseStopOnError(GruntParser.java:205)
	at org.apache.pig.tools.grunt.Grunt.run(Grunt.java:66)
	at org.apache.pig.Main.run(Main.java:565)
	at org.apache.pig.Main.main(Main.java:177)
	at sun.reflect.NativeMethodAccessorImpl.invoke0(Native Method)
	at sun.reflect.NativeMethodAccessorImpl.invoke(NativeMethodAccessorImpl.java:57)
	at sun.reflect.DelegatingMethodAccessorImpl.invoke(DelegatingMethodAccessorImpl.java:43)
	at java.lang.reflect.Method.invoke(Method.java:606)
	at org.apache.hadoop.util.RunJar.run(RunJar.java:221)
	at org.apache.hadoop.util.RunJar.main(RunJar.java:136)
================================================================================
Pig Stack Trace
---------------
ERROR 1003: Unable to find an operator for alias limit

org.apache.pig.impl.logicalLayer.FrontendException: ERROR 1003: Unable to find an operator for alias limit
	at org.apache.pig.PigServer$Graph.buildPlan(PigServer.java:1544)
	at org.apache.pig.PigServer.storeEx(PigServer.java:1029)
	at org.apache.pig.PigServer.store(PigServer.java:997)
	at org.apache.pig.PigServer.openIterator(PigServer.java:910)
	at org.apache.pig.tools.grunt.GruntParser.processDump(GruntParser.java:754)
	at org.apache.pig.tools.pigscript.parser.PigScriptParser.parse(PigScriptParser.java:376)
	at org.apache.pig.tools.grunt.GruntParser.parseStopOnError(GruntParser.java:230)
	at org.apache.pig.tools.grunt.GruntParser.parseStopOnError(GruntParser.java:205)
	at org.apache.pig.tools.grunt.Grunt.run(Grunt.java:66)
	at org.apache.pig.Main.run(Main.java:565)
	at org.apache.pig.Main.main(Main.java:177)
	at sun.reflect.NativeMethodAccessorImpl.invoke0(Native Method)
	at sun.reflect.NativeMethodAccessorImpl.invoke(NativeMethodAccessorImpl.java:57)
	at sun.reflect.DelegatingMethodAccessorImpl.invoke(DelegatingMethodAccessorImpl.java:43)
	at java.lang.reflect.Method.invoke(Method.java:606)
	at org.apache.hadoop.util.RunJar.run(RunJar.java:221)
	at org.apache.hadoop.util.RunJar.main(RunJar.java:136)
================================================================================
Pig Stack Trace
---------------
ERROR 1000: Error during parsing. Encountered " <IDENTIFIER> "limit "" at line 1, column 21.
Was expecting one of:
    <EOF> 
    "cat" ...
    "clear" ...
    "fs" ...
    "sh" ...
    "cd" ...
    "cp" ...
    "copyFromLocal" ...
    "copyToLocal" ...
    "dump" ...
    "\\d" ...
    "describe" ...
    "\\de" ...
    "aliases" ...
    "explain" ...
    "\\e" ...
    "help" ...
    "history" ...
    "kill" ...
    "ls" ...
    "mv" ...
    "mkdir" ...
    "pwd" ...
    "quit" ...
    "\\q" ...
    "register" ...
    "rm" ...
    "rmf" ...
    "set" ...
    "illustrate" ...
    "\\i" ...
    "run" ...
    "exec" ...
    "%default" ...
    "%declare" ...
    "scriptDone" ...
    "" ...
    "" ...
    <EOL> ...
    ";" ...
    

org.apache.pig.tools.pigscript.parser.ParseException: Encountered " <IDENTIFIER> "limit "" at line 1, column 21.
Was expecting one of:
    <EOF> 
    "cat" ...
    "clear" ...
    "fs" ...
    "sh" ...
    "cd" ...
    "cp" ...
    "copyFromLocal" ...
    "copyToLocal" ...
    "dump" ...
    "\\d" ...
    "describe" ...
    "\\de" ...
    "aliases" ...
    "explain" ...
    "\\e" ...
    "help" ...
    "history" ...
    "kill" ...
    "ls" ...
    "mv" ...
    "mkdir" ...
    "pwd" ...
    "quit" ...
    "\\q" ...
    "register" ...
    "rm" ...
    "rmf" ...
    "set" ...
    "illustrate" ...
    "\\i" ...
    "run" ...
    "exec" ...
    "%default" ...
    "%declare" ...
    "scriptDone" ...
    "" ...
    "" ...
    <EOL> ...
    ";" ...
    
	at org.apache.pig.tools.pigscript.parser.PigScriptParser.generateParseException(PigScriptParser.java:1498)
	at org.apache.pig.tools.pigscript.parser.PigScriptParser.handle_invalid_command(PigScriptParser.java:1306)
	at org.apache.pig.tools.pigscript.parser.PigScriptParser.parse(PigScriptParser.java:726)
	at org.apache.pig.tools.grunt.GruntParser.parseStopOnError(GruntParser.java:230)
	at org.apache.pig.tools.grunt.GruntParser.parseStopOnError(GruntParser.java:205)
	at org.apache.pig.tools.grunt.Grunt.run(Grunt.java:66)
	at org.apache.pig.Main.run(Main.java:565)
	at org.apache.pig.Main.main(Main.java:177)
	at sun.reflect.NativeMethodAccessorImpl.invoke0(Native Method)
	at sun.reflect.NativeMethodAccessorImpl.invoke(NativeMethodAccessorImpl.java:57)
	at sun.reflect.DelegatingMethodAccessorImpl.invoke(DelegatingMethodAccessorImpl.java:43)
	at java.lang.reflect.Method.invoke(Method.java:606)
	at org.apache.hadoop.util.RunJar.run(RunJar.java:221)
	at org.apache.hadoop.util.RunJar.main(RunJar.java:136)
================================================================================
Pig Stack Trace
---------------
ERROR 1200: <line 59, column 0>  Syntax error, unexpected symbol at or near 'Startt'

Failed to parse: <line 59, column 0>  Syntax error, unexpected symbol at or near 'Startt'
	at org.apache.pig.parser.QueryParserDriver.parse(QueryParserDriver.java:244)
	at org.apache.pig.parser.QueryParserDriver.parse(QueryParserDriver.java:182)
	at org.apache.pig.PigServer$Graph.validateQuery(PigServer.java:1707)
	at org.apache.pig.PigServer$Graph.registerQuery(PigServer.java:1680)
	at org.apache.pig.PigServer.registerQuery(PigServer.java:623)
	at org.apache.pig.tools.grunt.GruntParser.processPig(GruntParser.java:1082)
	at org.apache.pig.tools.pigscript.parser.PigScriptParser.parse(PigScriptParser.java:505)
	at org.apache.pig.tools.grunt.GruntParser.parseStopOnError(GruntParser.java:230)
	at org.apache.pig.tools.grunt.GruntParser.parseStopOnError(GruntParser.java:205)
	at org.apache.pig.tools.grunt.Grunt.run(Grunt.java:66)
	at org.apache.pig.Main.run(Main.java:565)
	at org.apache.pig.Main.main(Main.java:177)
	at sun.reflect.NativeMethodAccessorImpl.invoke0(Native Method)
	at sun.reflect.NativeMethodAccessorImpl.invoke(NativeMethodAccessorImpl.java:57)
	at sun.reflect.DelegatingMethodAccessorImpl.invoke(DelegatingMethodAccessorImpl.java:43)
	at java.lang.reflect.Method.invoke(Method.java:606)
	at org.apache.hadoop.util.RunJar.run(RunJar.java:221)
	at org.apache.hadoop.util.RunJar.main(RunJar.java:136)
================================================================================
Pig Stack Trace
---------------
ERROR 1200: <line 59, column 0>  Syntax error, unexpected symbol at or near 'endt'

Failed to parse: <line 59, column 0>  Syntax error, unexpected symbol at or near 'endt'
	at org.apache.pig.parser.QueryParserDriver.parse(QueryParserDriver.java:244)
	at org.apache.pig.parser.QueryParserDriver.parse(QueryParserDriver.java:182)
	at org.apache.pig.PigServer$Graph.validateQuery(PigServer.java:1707)
	at org.apache.pig.PigServer$Graph.registerQuery(PigServer.java:1680)
	at org.apache.pig.PigServer.registerQuery(PigServer.java:623)
	at org.apache.pig.tools.grunt.GruntParser.processPig(GruntParser.java:1082)
	at org.apache.pig.tools.pigscript.parser.PigScriptParser.parse(PigScriptParser.java:505)
	at org.apache.pig.tools.grunt.GruntParser.parseStopOnError(GruntParser.java:230)
	at org.apache.pig.tools.grunt.GruntParser.parseStopOnError(GruntParser.java:205)
	at org.apache.pig.tools.grunt.Grunt.run(Grunt.java:66)
	at org.apache.pig.Main.run(Main.java:565)
	at org.apache.pig.Main.main(Main.java:177)
	at sun.reflect.NativeMethodAccessorImpl.invoke0(Native Method)
	at sun.reflect.NativeMethodAccessorImpl.invoke(NativeMethodAccessorImpl.java:57)
	at sun.reflect.DelegatingMethodAccessorImpl.invoke(DelegatingMethodAccessorImpl.java:43)
	at java.lang.reflect.Method.invoke(Method.java:606)
	at org.apache.hadoop.util.RunJar.run(RunJar.java:221)
	at org.apache.hadoop.util.RunJar.main(RunJar.java:136)
================================================================================
Pig Stack Trace
---------------
ERROR 1200: <line 59, column 0>  Syntax error, unexpected symbol at or near 'endt'

Failed to parse: <line 59, column 0>  Syntax error, unexpected symbol at or near 'endt'
	at org.apache.pig.parser.QueryParserDriver.parse(QueryParserDriver.java:244)
	at org.apache.pig.parser.QueryParserDriver.parse(QueryParserDriver.java:182)
	at org.apache.pig.PigServer$Graph.validateQuery(PigServer.java:1707)
	at org.apache.pig.PigServer$Graph.registerQuery(PigServer.java:1680)
	at org.apache.pig.PigServer.registerQuery(PigServer.java:623)
	at org.apache.pig.tools.grunt.GruntParser.processPig(GruntParser.java:1082)
	at org.apache.pig.tools.pigscript.parser.PigScriptParser.parse(PigScriptParser.java:505)
	at org.apache.pig.tools.grunt.GruntParser.parseStopOnError(GruntParser.java:230)
	at org.apache.pig.tools.grunt.GruntParser.parseStopOnError(GruntParser.java:205)
	at org.apache.pig.tools.grunt.Grunt.run(Grunt.java:66)
	at org.apache.pig.Main.run(Main.java:565)
	at org.apache.pig.Main.main(Main.java:177)
	at sun.reflect.NativeMethodAccessorImpl.invoke0(Native Method)
	at sun.reflect.NativeMethodAccessorImpl.invoke(NativeMethodAccessorImpl.java:57)
	at sun.reflect.DelegatingMethodAccessorImpl.invoke(DelegatingMethodAccessorImpl.java:43)
	at java.lang.reflect.Method.invoke(Method.java:606)
	at org.apache.hadoop.util.RunJar.run(RunJar.java:221)
	at org.apache.hadoop.util.RunJar.main(RunJar.java:136)
================================================================================
Pig Stack Trace
---------------
ERROR 1200: <line 59, column 22>  Syntax error, unexpected symbol at or near '67'

Failed to parse: <line 59, column 22>  Syntax error, unexpected symbol at or near '67'
	at org.apache.pig.parser.QueryParserDriver.parse(QueryParserDriver.java:244)
	at org.apache.pig.parser.QueryParserDriver.parse(QueryParserDriver.java:182)
	at org.apache.pig.PigServer$Graph.validateQuery(PigServer.java:1707)
	at org.apache.pig.PigServer$Graph.registerQuery(PigServer.java:1680)
	at org.apache.pig.PigServer.registerQuery(PigServer.java:623)
	at org.apache.pig.tools.grunt.GruntParser.processPig(GruntParser.java:1082)
	at org.apache.pig.tools.pigscript.parser.PigScriptParser.parse(PigScriptParser.java:505)
	at org.apache.pig.tools.grunt.GruntParser.parseStopOnError(GruntParser.java:230)
	at org.apache.pig.tools.grunt.GruntParser.parseStopOnError(GruntParser.java:205)
	at org.apache.pig.tools.grunt.Grunt.run(Grunt.java:66)
	at org.apache.pig.Main.run(Main.java:565)
	at org.apache.pig.Main.main(Main.java:177)
	at sun.reflect.NativeMethodAccessorImpl.invoke0(Native Method)
	at sun.reflect.NativeMethodAccessorImpl.invoke(NativeMethodAccessorImpl.java:57)
	at sun.reflect.DelegatingMethodAccessorImpl.invoke(DelegatingMethodAccessorImpl.java:43)
	at java.lang.reflect.Method.invoke(Method.java:606)
	at org.apache.hadoop.util.RunJar.run(RunJar.java:221)
	at org.apache.hadoop.util.RunJar.main(RunJar.java:136)
================================================================================
Pig Stack Trace
---------------
ERROR 1200: <line 59, column 22>  Syntax error, unexpected symbol at or near ''int:67''

Failed to parse: <line 59, column 22>  Syntax error, unexpected symbol at or near ''int:67''
	at org.apache.pig.parser.QueryParserDriver.parse(QueryParserDriver.java:244)
	at org.apache.pig.parser.QueryParserDriver.parse(QueryParserDriver.java:182)
	at org.apache.pig.PigServer$Graph.validateQuery(PigServer.java:1707)
	at org.apache.pig.PigServer$Graph.registerQuery(PigServer.java:1680)
	at org.apache.pig.PigServer.registerQuery(PigServer.java:623)
	at org.apache.pig.tools.grunt.GruntParser.processPig(GruntParser.java:1082)
	at org.apache.pig.tools.pigscript.parser.PigScriptParser.parse(PigScriptParser.java:505)
	at org.apache.pig.tools.grunt.GruntParser.parseStopOnError(GruntParser.java:230)
	at org.apache.pig.tools.grunt.GruntParser.parseStopOnError(GruntParser.java:205)
	at org.apache.pig.tools.grunt.Grunt.run(Grunt.java:66)
	at org.apache.pig.Main.run(Main.java:565)
	at org.apache.pig.Main.main(Main.java:177)
	at sun.reflect.NativeMethodAccessorImpl.invoke0(Native Method)
	at sun.reflect.NativeMethodAccessorImpl.invoke(NativeMethodAccessorImpl.java:57)
	at sun.reflect.DelegatingMethodAccessorImpl.invoke(DelegatingMethodAccessorImpl.java:43)
	at java.lang.reflect.Method.invoke(Method.java:606)
	at org.apache.hadoop.util.RunJar.run(RunJar.java:221)
	at org.apache.hadoop.util.RunJar.main(RunJar.java:136)
================================================================================
Pig Stack Trace
---------------
ERROR 1200: <line 59, column 22>  Unexpected character '"'

Failed to parse: <line 59, column 22>  Unexpected character '"'
	at org.apache.pig.parser.QueryParserDriver.parse(QueryParserDriver.java:246)
	at org.apache.pig.parser.QueryParserDriver.parse(QueryParserDriver.java:182)
	at org.apache.pig.PigServer$Graph.validateQuery(PigServer.java:1707)
	at org.apache.pig.PigServer$Graph.registerQuery(PigServer.java:1680)
	at org.apache.pig.PigServer.registerQuery(PigServer.java:623)
	at org.apache.pig.tools.grunt.GruntParser.processPig(GruntParser.java:1082)
	at org.apache.pig.tools.pigscript.parser.PigScriptParser.parse(PigScriptParser.java:505)
	at org.apache.pig.tools.grunt.GruntParser.parseStopOnError(GruntParser.java:230)
	at org.apache.pig.tools.grunt.GruntParser.parseStopOnError(GruntParser.java:205)
	at org.apache.pig.tools.grunt.Grunt.run(Grunt.java:66)
	at org.apache.pig.Main.run(Main.java:565)
	at org.apache.pig.Main.main(Main.java:177)
	at sun.reflect.NativeMethodAccessorImpl.invoke0(Native Method)
	at sun.reflect.NativeMethodAccessorImpl.invoke(NativeMethodAccessorImpl.java:57)
	at sun.reflect.DelegatingMethodAccessorImpl.invoke(DelegatingMethodAccessorImpl.java:43)
	at java.lang.reflect.Method.invoke(Method.java:606)
	at org.apache.hadoop.util.RunJar.run(RunJar.java:221)
	at org.apache.hadoop.util.RunJar.main(RunJar.java:136)
================================================================================
Pig Stack Trace
---------------
ERROR 1200: <line 59, column 22>  Unexpected character '"'

Failed to parse: <line 59, column 22>  Unexpected character '"'
	at org.apache.pig.parser.QueryParserDriver.parse(QueryParserDriver.java:246)
	at org.apache.pig.parser.QueryParserDriver.parse(QueryParserDriver.java:182)
	at org.apache.pig.PigServer$Graph.validateQuery(PigServer.java:1707)
	at org.apache.pig.PigServer$Graph.registerQuery(PigServer.java:1680)
	at org.apache.pig.PigServer.registerQuery(PigServer.java:623)
	at org.apache.pig.tools.grunt.GruntParser.processPig(GruntParser.java:1082)
	at org.apache.pig.tools.pigscript.parser.PigScriptParser.parse(PigScriptParser.java:505)
	at org.apache.pig.tools.grunt.GruntParser.parseStopOnError(GruntParser.java:230)
	at org.apache.pig.tools.grunt.GruntParser.parseStopOnError(GruntParser.java:205)
	at org.apache.pig.tools.grunt.Grunt.run(Grunt.java:66)
	at org.apache.pig.Main.run(Main.java:565)
	at org.apache.pig.Main.main(Main.java:177)
	at sun.reflect.NativeMethodAccessorImpl.invoke0(Native Method)
	at sun.reflect.NativeMethodAccessorImpl.invoke(NativeMethodAccessorImpl.java:57)
	at sun.reflect.DelegatingMethodAccessorImpl.invoke(DelegatingMethodAccessorImpl.java:43)
	at java.lang.reflect.Method.invoke(Method.java:606)
	at org.apache.hadoop.util.RunJar.run(RunJar.java:221)
	at org.apache.hadoop.util.RunJar.main(RunJar.java:136)
================================================================================
Pig Stack Trace
---------------
ERROR 1200: <line 59, column 22>  Unexpected character '"'

Failed to parse: <line 59, column 22>  Unexpected character '"'
	at org.apache.pig.parser.QueryParserDriver.parse(QueryParserDriver.java:246)
	at org.apache.pig.parser.QueryParserDriver.parse(QueryParserDriver.java:182)
	at org.apache.pig.PigServer$Graph.validateQuery(PigServer.java:1707)
	at org.apache.pig.PigServer$Graph.registerQuery(PigServer.java:1680)
	at org.apache.pig.PigServer.registerQuery(PigServer.java:623)
	at org.apache.pig.tools.grunt.GruntParser.processPig(GruntParser.java:1082)
	at org.apache.pig.tools.pigscript.parser.PigScriptParser.parse(PigScriptParser.java:505)
	at org.apache.pig.tools.grunt.GruntParser.parseStopOnError(GruntParser.java:230)
	at org.apache.pig.tools.grunt.GruntParser.parseStopOnError(GruntParser.java:205)
	at org.apache.pig.tools.grunt.Grunt.run(Grunt.java:66)
	at org.apache.pig.Main.run(Main.java:565)
	at org.apache.pig.Main.main(Main.java:177)
	at sun.reflect.NativeMethodAccessorImpl.invoke0(Native Method)
	at sun.reflect.NativeMethodAccessorImpl.invoke(NativeMethodAccessorImpl.java:57)
	at sun.reflect.DelegatingMethodAccessorImpl.invoke(DelegatingMethodAccessorImpl.java:43)
	at java.lang.reflect.Method.invoke(Method.java:606)
	at org.apache.hadoop.util.RunJar.run(RunJar.java:221)
	at org.apache.hadoop.util.RunJar.main(RunJar.java:136)
================================================================================
Pig Stack Trace
---------------
ERROR 1003: Unable to find an operator for alias DATE

org.apache.pig.impl.logicalLayer.FrontendException: ERROR 1003: Unable to find an operator for alias DATE
	at org.apache.pig.PigServer$Graph.buildPlan(PigServer.java:1544)
	at org.apache.pig.PigServer.storeEx(PigServer.java:1029)
	at org.apache.pig.PigServer.store(PigServer.java:997)
	at org.apache.pig.PigServer.openIterator(PigServer.java:910)
	at org.apache.pig.tools.grunt.GruntParser.processDump(GruntParser.java:754)
	at org.apache.pig.tools.pigscript.parser.PigScriptParser.parse(PigScriptParser.java:376)
	at org.apache.pig.tools.grunt.GruntParser.parseStopOnError(GruntParser.java:230)
	at org.apache.pig.tools.grunt.GruntParser.parseStopOnError(GruntParser.java:205)
	at org.apache.pig.tools.grunt.Grunt.run(Grunt.java:66)
	at org.apache.pig.Main.run(Main.java:565)
	at org.apache.pig.Main.main(Main.java:177)
	at sun.reflect.NativeMethodAccessorImpl.invoke0(Native Method)
	at sun.reflect.NativeMethodAccessorImpl.invoke(NativeMethodAccessorImpl.java:57)
	at sun.reflect.DelegatingMethodAccessorImpl.invoke(DelegatingMethodAccessorImpl.java:43)
	at java.lang.reflect.Method.invoke(Method.java:606)
	at org.apache.hadoop.util.RunJar.run(RunJar.java:221)
	at org.apache.hadoop.util.RunJar.main(RunJar.java:136)
================================================================================
Pig Stack Trace
---------------
ERROR 1003: Unable to find an operator for alias DATE

org.apache.pig.impl.logicalLayer.FrontendException: ERROR 1003: Unable to find an operator for alias DATE
	at org.apache.pig.PigServer$Graph.buildPlan(PigServer.java:1544)
	at org.apache.pig.PigServer.storeEx(PigServer.java:1029)
	at org.apache.pig.PigServer.store(PigServer.java:997)
	at org.apache.pig.PigServer.openIterator(PigServer.java:910)
	at org.apache.pig.tools.grunt.GruntParser.processDump(GruntParser.java:754)
	at org.apache.pig.tools.pigscript.parser.PigScriptParser.parse(PigScriptParser.java:376)
	at org.apache.pig.tools.grunt.GruntParser.parseStopOnError(GruntParser.java:230)
	at org.apache.pig.tools.grunt.GruntParser.parseStopOnError(GruntParser.java:205)
	at org.apache.pig.tools.grunt.Grunt.run(Grunt.java:66)
	at org.apache.pig.Main.run(Main.java:565)
	at org.apache.pig.Main.main(Main.java:177)
	at sun.reflect.NativeMethodAccessorImpl.invoke0(Native Method)
	at sun.reflect.NativeMethodAccessorImpl.invoke(NativeMethodAccessorImpl.java:57)
	at sun.reflect.DelegatingMethodAccessorImpl.invoke(DelegatingMethodAccessorImpl.java:43)
	at java.lang.reflect.Method.invoke(Method.java:606)
	at org.apache.hadoop.util.RunJar.run(RunJar.java:221)
	at org.apache.hadoop.util.RunJar.main(RunJar.java:136)
================================================================================
Pig Stack Trace
---------------
ERROR 1200: <line 59, column 12>  Unexpected character '"'

Failed to parse: <line 59, column 12>  Unexpected character '"'
	at org.apache.pig.parser.QueryParserDriver.parse(QueryParserDriver.java:246)
	at org.apache.pig.parser.QueryParserDriver.parse(QueryParserDriver.java:182)
	at org.apache.pig.PigServer$Graph.validateQuery(PigServer.java:1707)
	at org.apache.pig.PigServer$Graph.registerQuery(PigServer.java:1680)
	at org.apache.pig.PigServer.registerQuery(PigServer.java:623)
	at org.apache.pig.tools.grunt.GruntParser.processPig(GruntParser.java:1082)
	at org.apache.pig.tools.pigscript.parser.PigScriptParser.parse(PigScriptParser.java:505)
	at org.apache.pig.tools.grunt.GruntParser.parseStopOnError(GruntParser.java:230)
	at org.apache.pig.tools.grunt.GruntParser.parseStopOnError(GruntParser.java:205)
	at org.apache.pig.tools.grunt.Grunt.run(Grunt.java:66)
	at org.apache.pig.Main.run(Main.java:565)
	at org.apache.pig.Main.main(Main.java:177)
	at sun.reflect.NativeMethodAccessorImpl.invoke0(Native Method)
	at sun.reflect.NativeMethodAccessorImpl.invoke(NativeMethodAccessorImpl.java:57)
	at sun.reflect.DelegatingMethodAccessorImpl.invoke(DelegatingMethodAccessorImpl.java:43)
	at java.lang.reflect.Method.invoke(Method.java:606)
	at org.apache.hadoop.util.RunJar.run(RunJar.java:221)
	at org.apache.hadoop.util.RunJar.main(RunJar.java:136)
================================================================================
Pig Stack Trace
---------------
ERROR 1200: <line 59, column 12>  Unexpected character '"'

Failed to parse: <line 59, column 12>  Unexpected character '"'
	at org.apache.pig.parser.QueryParserDriver.parse(QueryParserDriver.java:246)
	at org.apache.pig.parser.QueryParserDriver.parse(QueryParserDriver.java:182)
	at org.apache.pig.PigServer$Graph.validateQuery(PigServer.java:1707)
	at org.apache.pig.PigServer$Graph.registerQuery(PigServer.java:1680)
	at org.apache.pig.PigServer.registerQuery(PigServer.java:623)
	at org.apache.pig.tools.grunt.GruntParser.processPig(GruntParser.java:1082)
	at org.apache.pig.tools.pigscript.parser.PigScriptParser.parse(PigScriptParser.java:505)
	at org.apache.pig.tools.grunt.GruntParser.parseStopOnError(GruntParser.java:230)
	at org.apache.pig.tools.grunt.GruntParser.parseStopOnError(GruntParser.java:205)
	at org.apache.pig.tools.grunt.Grunt.run(Grunt.java:66)
	at org.apache.pig.Main.run(Main.java:565)
	at org.apache.pig.Main.main(Main.java:177)
	at sun.reflect.NativeMethodAccessorImpl.invoke0(Native Method)
	at sun.reflect.NativeMethodAccessorImpl.invoke(NativeMethodAccessorImpl.java:57)
	at sun.reflect.DelegatingMethodAccessorImpl.invoke(DelegatingMethodAccessorImpl.java:43)
	at java.lang.reflect.Method.invoke(Method.java:606)
	at org.apache.hadoop.util.RunJar.run(RunJar.java:221)
	at org.apache.hadoop.util.RunJar.main(RunJar.java:136)
================================================================================
Pig Stack Trace
---------------
ERROR 1003: Unable to find an operator for alias wall_betw

org.apache.pig.impl.logicalLayer.FrontendException: ERROR 1001: Unable to describe schema for alias wall_betw
	at org.apache.pig.PigServer.dumpSchema(PigServer.java:823)
	at org.apache.pig.tools.grunt.GruntParser.processDescribe(GruntParser.java:321)
	at org.apache.pig.tools.pigscript.parser.PigScriptParser.parse(PigScriptParser.java:416)
	at org.apache.pig.tools.grunt.GruntParser.parseStopOnError(GruntParser.java:230)
	at org.apache.pig.tools.grunt.GruntParser.parseStopOnError(GruntParser.java:205)
	at org.apache.pig.tools.grunt.Grunt.run(Grunt.java:66)
	at org.apache.pig.Main.run(Main.java:565)
	at org.apache.pig.Main.main(Main.java:177)
	at sun.reflect.NativeMethodAccessorImpl.invoke0(Native Method)
	at sun.reflect.NativeMethodAccessorImpl.invoke(NativeMethodAccessorImpl.java:57)
	at sun.reflect.DelegatingMethodAccessorImpl.invoke(DelegatingMethodAccessorImpl.java:43)
	at java.lang.reflect.Method.invoke(Method.java:606)
	at org.apache.hadoop.util.RunJar.run(RunJar.java:221)
	at org.apache.hadoop.util.RunJar.main(RunJar.java:136)
Caused by: org.apache.pig.impl.logicalLayer.FrontendException: ERROR 1003: Unable to find an operator for alias wall_betw
	at org.apache.pig.PigServer$Graph.buildPlan(PigServer.java:1544)
	at org.apache.pig.PigServer.buildStorePlan(PigServer.java:1331)
	at org.apache.pig.PigServer.getOperatorForAlias(PigServer.java:1418)
	at org.apache.pig.PigServer.dumpSchema(PigServer.java:806)
	... 13 more
================================================================================
Pig Stack Trace
---------------
ERROR 2997: Encountered IOException. ExecException

java.io.IOException: ExecException
	at org.apache.pig.PigServer.getExamples(PigServer.java:1308)
	at org.apache.pig.tools.grunt.GruntParser.processIllustrate(GruntParser.java:812)
	at org.apache.pig.tools.pigscript.parser.PigScriptParser.Illustrate(PigScriptParser.java:818)
	at org.apache.pig.tools.pigscript.parser.PigScriptParser.parse(PigScriptParser.java:385)
	at org.apache.pig.tools.grunt.GruntParser.parseStopOnError(GruntParser.java:230)
	at org.apache.pig.tools.grunt.GruntParser.parseStopOnError(GruntParser.java:205)
	at org.apache.pig.tools.grunt.Grunt.run(Grunt.java:66)
	at org.apache.pig.Main.run(Main.java:565)
	at org.apache.pig.Main.main(Main.java:177)
	at sun.reflect.NativeMethodAccessorImpl.invoke0(Native Method)
	at sun.reflect.NativeMethodAccessorImpl.invoke(NativeMethodAccessorImpl.java:57)
	at sun.reflect.DelegatingMethodAccessorImpl.invoke(DelegatingMethodAccessorImpl.java:43)
	at java.lang.reflect.Method.invoke(Method.java:606)
	at org.apache.hadoop.util.RunJar.run(RunJar.java:221)
	at org.apache.hadoop.util.RunJar.main(RunJar.java:136)
Caused by: org.apache.pig.backend.executionengine.ExecException: ERROR 0: Exception while executing (Name: Store(file:/tmp/temp1741063559/tmp-704162112:org.apache.pig.impl.io.InterStorage) - scope-6463 Operator Key: scope-6463): org.apache.pig.backend.executionengine.ExecException: ERROR 0: Error while executing ForEach at []
	at org.apache.pig.backend.hadoop.executionengine.physicalLayer.PhysicalOperator.processInput(PhysicalOperator.java:316)
	at org.apache.pig.backend.hadoop.executionengine.physicalLayer.relationalOperators.POStore.getNextTuple(POStore.java:159)
	at org.apache.pig.backend.hadoop.executionengine.physicalLayer.relationalOperators.PODemux.runPipeline(PODemux.java:220)
	at org.apache.pig.backend.hadoop.executionengine.physicalLayer.relationalOperators.PODemux.getNextTuple(PODemux.java:210)
	at org.apache.pig.backend.hadoop.executionengine.mapReduceLayer.PigGenericMapReduce$Reduce.runPipeline(PigGenericMapReduce.java:474)
	at org.apache.pig.backend.hadoop.executionengine.mapReduceLayer.PigGenericMapReduce$Reduce.processOnePackageOutput(PigGenericMapReduce.java:442)
	at org.apache.pig.backend.hadoop.executionengine.mapReduceLayer.PigGenericMapReduce$Reduce.reduce(PigGenericMapReduce.java:422)
	at org.apache.pig.backend.hadoop.executionengine.mapReduceLayer.PigGenericMapReduce$Reduce.reduce(PigGenericMapReduce.java:269)
	at org.apache.hadoop.mapreduce.Reducer.run(Reducer.java:171)
	at org.apache.pig.pen.LocalMapReduceSimulator.launchPig(LocalMapReduceSimulator.java:236)
	at org.apache.pig.pen.ExampleGenerator.getData(ExampleGenerator.java:259)
	at org.apache.pig.pen.ExampleGenerator.getData(ExampleGenerator.java:240)
	at org.apache.pig.pen.LineageTrimmingVisitor.init(LineageTrimmingVisitor.java:104)
	at org.apache.pig.pen.LineageTrimmingVisitor.<init>(LineageTrimmingVisitor.java:99)
	at org.apache.pig.pen.ExampleGenerator.getExamples(ExampleGenerator.java:167)
	at org.apache.pig.PigServer.getExamples(PigServer.java:1305)
	... 14 more
Caused by: org.apache.pig.backend.executionengine.ExecException: ERROR 0: Error while executing ForEach at []
	at org.apache.pig.backend.hadoop.executionengine.physicalLayer.relationalOperators.POForEach.getNextTuple(POForEach.java:325)
	at org.apache.pig.backend.hadoop.executionengine.physicalLayer.PhysicalOperator.processInput(PhysicalOperator.java:307)
	... 29 more
Caused by: java.lang.ClassCastException: org.apache.pig.data.BinSedesTuple cannot be cast to org.apache.pig.pen.util.ExampleTuple
	at org.apache.pig.backend.hadoop.executionengine.physicalLayer.relationalOperators.POForEach.illustratorMarkup(POForEach.java:802)
	at org.apache.pig.backend.hadoop.executionengine.physicalLayer.relationalOperators.POForEach.createTuple(POForEach.java:548)
	at org.apache.pig.backend.hadoop.executionengine.physicalLayer.relationalOperators.POForEach.processPlan(POForEach.java:486)
	at org.apache.pig.backend.hadoop.executionengine.physicalLayer.relationalOperators.POForEach.getNextTuple(POForEach.java:317)
	... 30 more
================================================================================
Backend error message during job submission
-------------------------------------------
java.lang.NullPointerException
	at org.apache.pig.backend.hadoop.executionengine.mapReduceLayer.PigOutputFormat.checkOutputSpecsHelper(PigOutputFormat.java:190)
	at org.apache.pig.backend.hadoop.executionengine.mapReduceLayer.PigOutputFormat.checkOutputSpecs(PigOutputFormat.java:184)
	at org.apache.hadoop.mapreduce.JobSubmitter.checkSpecs(JobSubmitter.java:266)
	at org.apache.hadoop.mapreduce.JobSubmitter.submitJobInternal(JobSubmitter.java:139)
	at org.apache.hadoop.mapreduce.Job$10.run(Job.java:1290)
	at org.apache.hadoop.mapreduce.Job$10.run(Job.java:1287)
	at java.security.AccessController.doPrivileged(Native Method)
	at javax.security.auth.Subject.doAs(Subject.java:415)
	at org.apache.hadoop.security.UserGroupInformation.doAs(UserGroupInformation.java:1657)
	at org.apache.hadoop.mapreduce.Job.submit(Job.java:1287)
	at org.apache.hadoop.mapreduce.lib.jobcontrol.ControlledJob.submit(ControlledJob.java:335)
	at sun.reflect.GeneratedMethodAccessor17.invoke(Unknown Source)
	at sun.reflect.DelegatingMethodAccessorImpl.invoke(DelegatingMethodAccessorImpl.java:43)
	at java.lang.reflect.Method.invoke(Method.java:606)
	at org.apache.pig.backend.hadoop23.PigJobControl.submit(PigJobControl.java:128)
	at org.apache.pig.backend.hadoop23.PigJobControl.run(PigJobControl.java:194)
	at java.lang.Thread.run(Thread.java:745)
	at org.apache.pig.backend.hadoop.executionengine.mapReduceLayer.MapReduceLauncher$1.run(MapReduceLauncher.java:276)

Backend error message during job submission
-------------------------------------------
java.lang.NullPointerException
	at org.apache.pig.backend.hadoop.executionengine.mapReduceLayer.PigOutputFormat.checkOutputSpecsHelper(PigOutputFormat.java:190)
	at org.apache.pig.backend.hadoop.executionengine.mapReduceLayer.PigOutputFormat.checkOutputSpecs(PigOutputFormat.java:184)
	at org.apache.hadoop.mapreduce.JobSubmitter.checkSpecs(JobSubmitter.java:266)
	at org.apache.hadoop.mapreduce.JobSubmitter.submitJobInternal(JobSubmitter.java:139)
	at org.apache.hadoop.mapreduce.Job$10.run(Job.java:1290)
	at org.apache.hadoop.mapreduce.Job$10.run(Job.java:1287)
	at java.security.AccessController.doPrivileged(Native Method)
	at javax.security.auth.Subject.doAs(Subject.java:415)
	at org.apache.hadoop.security.UserGroupInformation.doAs(UserGroupInformation.java:1657)
	at org.apache.hadoop.mapreduce.Job.submit(Job.java:1287)
	at org.apache.hadoop.mapreduce.lib.jobcontrol.ControlledJob.submit(ControlledJob.java:335)
	at sun.reflect.GeneratedMethodAccessor17.invoke(Unknown Source)
	at sun.reflect.DelegatingMethodAccessorImpl.invoke(DelegatingMethodAccessorImpl.java:43)
	at java.lang.reflect.Method.invoke(Method.java:606)
	at org.apache.pig.backend.hadoop23.PigJobControl.submit(PigJobControl.java:128)
	at org.apache.pig.backend.hadoop23.PigJobControl.run(PigJobControl.java:194)
	at java.lang.Thread.run(Thread.java:745)
	at org.apache.pig.backend.hadoop.executionengine.mapReduceLayer.MapReduceLauncher$1.run(MapReduceLauncher.java:276)

Backend error message during job submission
-------------------------------------------
java.lang.NullPointerException
	at org.apache.pig.backend.hadoop.executionengine.mapReduceLayer.PigOutputFormat.checkOutputSpecsHelper(PigOutputFormat.java:190)
	at org.apache.pig.backend.hadoop.executionengine.mapReduceLayer.PigOutputFormat.checkOutputSpecs(PigOutputFormat.java:184)
	at org.apache.hadoop.mapreduce.JobSubmitter.checkSpecs(JobSubmitter.java:266)
	at org.apache.hadoop.mapreduce.JobSubmitter.submitJobInternal(JobSubmitter.java:139)
	at org.apache.hadoop.mapreduce.Job$10.run(Job.java:1290)
	at org.apache.hadoop.mapreduce.Job$10.run(Job.java:1287)
	at java.security.AccessController.doPrivileged(Native Method)
	at javax.security.auth.Subject.doAs(Subject.java:415)
	at org.apache.hadoop.security.UserGroupInformation.doAs(UserGroupInformation.java:1657)
	at org.apache.hadoop.mapreduce.Job.submit(Job.java:1287)
	at org.apache.hadoop.mapreduce.lib.jobcontrol.ControlledJob.submit(ControlledJob.java:335)
	at sun.reflect.GeneratedMethodAccessor17.invoke(Unknown Source)
	at sun.reflect.DelegatingMethodAccessorImpl.invoke(DelegatingMethodAccessorImpl.java:43)
	at java.lang.reflect.Method.invoke(Method.java:606)
	at org.apache.pig.backend.hadoop23.PigJobControl.submit(PigJobControl.java:128)
	at org.apache.pig.backend.hadoop23.PigJobControl.run(PigJobControl.java:194)
	at java.lang.Thread.run(Thread.java:745)
	at org.apache.pig.backend.hadoop.executionengine.mapReduceLayer.MapReduceLauncher$1.run(MapReduceLauncher.java:276)

Pig Stack Trace
---------------
ERROR 1066: Unable to open iterator for alias Group_ND_AU_wall

org.apache.pig.impl.logicalLayer.FrontendException: ERROR 1066: Unable to open iterator for alias Group_ND_AU_wall
	at org.apache.pig.PigServer.openIterator(PigServer.java:935)
	at org.apache.pig.tools.grunt.GruntParser.processDump(GruntParser.java:754)
	at org.apache.pig.tools.pigscript.parser.PigScriptParser.parse(PigScriptParser.java:376)
	at org.apache.pig.tools.grunt.GruntParser.parseStopOnError(GruntParser.java:230)
	at org.apache.pig.tools.grunt.GruntParser.parseStopOnError(GruntParser.java:205)
	at org.apache.pig.tools.grunt.Grunt.run(Grunt.java:66)
	at org.apache.pig.Main.run(Main.java:565)
	at org.apache.pig.Main.main(Main.java:177)
	at sun.reflect.NativeMethodAccessorImpl.invoke0(Native Method)
	at sun.reflect.NativeMethodAccessorImpl.invoke(NativeMethodAccessorImpl.java:57)
	at sun.reflect.DelegatingMethodAccessorImpl.invoke(DelegatingMethodAccessorImpl.java:43)
	at java.lang.reflect.Method.invoke(Method.java:606)
	at org.apache.hadoop.util.RunJar.run(RunJar.java:221)
	at org.apache.hadoop.util.RunJar.main(RunJar.java:136)
Caused by: java.io.IOException: Couldn't retrieve job.
	at org.apache.pig.PigServer.store(PigServer.java:999)
	at org.apache.pig.PigServer.openIterator(PigServer.java:910)
	... 13 more
================================================================================
Backend error message during job submission
-------------------------------------------
java.lang.NullPointerException
	at org.apache.pig.backend.hadoop.executionengine.mapReduceLayer.PigOutputFormat.checkOutputSpecsHelper(PigOutputFormat.java:190)
	at org.apache.pig.backend.hadoop.executionengine.mapReduceLayer.PigOutputFormat.checkOutputSpecs(PigOutputFormat.java:184)
	at org.apache.hadoop.mapreduce.JobSubmitter.checkSpecs(JobSubmitter.java:266)
	at org.apache.hadoop.mapreduce.JobSubmitter.submitJobInternal(JobSubmitter.java:139)
	at org.apache.hadoop.mapreduce.Job$10.run(Job.java:1290)
	at org.apache.hadoop.mapreduce.Job$10.run(Job.java:1287)
	at java.security.AccessController.doPrivileged(Native Method)
	at javax.security.auth.Subject.doAs(Subject.java:415)
	at org.apache.hadoop.security.UserGroupInformation.doAs(UserGroupInformation.java:1657)
	at org.apache.hadoop.mapreduce.Job.submit(Job.java:1287)
	at org.apache.hadoop.mapreduce.lib.jobcontrol.ControlledJob.submit(ControlledJob.java:335)
	at sun.reflect.GeneratedMethodAccessor17.invoke(Unknown Source)
	at sun.reflect.DelegatingMethodAccessorImpl.invoke(DelegatingMethodAccessorImpl.java:43)
	at java.lang.reflect.Method.invoke(Method.java:606)
	at org.apache.pig.backend.hadoop23.PigJobControl.submit(PigJobControl.java:128)
	at org.apache.pig.backend.hadoop23.PigJobControl.run(PigJobControl.java:194)
	at java.lang.Thread.run(Thread.java:745)
	at org.apache.pig.backend.hadoop.executionengine.mapReduceLayer.MapReduceLauncher$1.run(MapReduceLauncher.java:276)

Backend error message during job submission
-------------------------------------------
java.lang.NullPointerException
	at org.apache.pig.backend.hadoop.executionengine.mapReduceLayer.PigOutputFormat.checkOutputSpecsHelper(PigOutputFormat.java:190)
	at org.apache.pig.backend.hadoop.executionengine.mapReduceLayer.PigOutputFormat.checkOutputSpecs(PigOutputFormat.java:184)
	at org.apache.hadoop.mapreduce.JobSubmitter.checkSpecs(JobSubmitter.java:266)
	at org.apache.hadoop.mapreduce.JobSubmitter.submitJobInternal(JobSubmitter.java:139)
	at org.apache.hadoop.mapreduce.Job$10.run(Job.java:1290)
	at org.apache.hadoop.mapreduce.Job$10.run(Job.java:1287)
	at java.security.AccessController.doPrivileged(Native Method)
	at javax.security.auth.Subject.doAs(Subject.java:415)
	at org.apache.hadoop.security.UserGroupInformation.doAs(UserGroupInformation.java:1657)
	at org.apache.hadoop.mapreduce.Job.submit(Job.java:1287)
	at org.apache.hadoop.mapreduce.lib.jobcontrol.ControlledJob.submit(ControlledJob.java:335)
	at sun.reflect.GeneratedMethodAccessor17.invoke(Unknown Source)
	at sun.reflect.DelegatingMethodAccessorImpl.invoke(DelegatingMethodAccessorImpl.java:43)
	at java.lang.reflect.Method.invoke(Method.java:606)
	at org.apache.pig.backend.hadoop23.PigJobControl.submit(PigJobControl.java:128)
	at org.apache.pig.backend.hadoop23.PigJobControl.run(PigJobControl.java:194)
	at java.lang.Thread.run(Thread.java:745)
	at org.apache.pig.backend.hadoop.executionengine.mapReduceLayer.MapReduceLauncher$1.run(MapReduceLauncher.java:276)

Backend error message during job submission
-------------------------------------------
java.lang.NullPointerException
	at org.apache.pig.backend.hadoop.executionengine.mapReduceLayer.PigOutputFormat.checkOutputSpecsHelper(PigOutputFormat.java:190)
	at org.apache.pig.backend.hadoop.executionengine.mapReduceLayer.PigOutputFormat.checkOutputSpecs(PigOutputFormat.java:184)
	at org.apache.hadoop.mapreduce.JobSubmitter.checkSpecs(JobSubmitter.java:266)
	at org.apache.hadoop.mapreduce.JobSubmitter.submitJobInternal(JobSubmitter.java:139)
	at org.apache.hadoop.mapreduce.Job$10.run(Job.java:1290)
	at org.apache.hadoop.mapreduce.Job$10.run(Job.java:1287)
	at java.security.AccessController.doPrivileged(Native Method)
	at javax.security.auth.Subject.doAs(Subject.java:415)
	at org.apache.hadoop.security.UserGroupInformation.doAs(UserGroupInformation.java:1657)
	at org.apache.hadoop.mapreduce.Job.submit(Job.java:1287)
	at org.apache.hadoop.mapreduce.lib.jobcontrol.ControlledJob.submit(ControlledJob.java:335)
	at sun.reflect.GeneratedMethodAccessor17.invoke(Unknown Source)
	at sun.reflect.DelegatingMethodAccessorImpl.invoke(DelegatingMethodAccessorImpl.java:43)
	at java.lang.reflect.Method.invoke(Method.java:606)
	at org.apache.pig.backend.hadoop23.PigJobControl.submit(PigJobControl.java:128)
	at org.apache.pig.backend.hadoop23.PigJobControl.run(PigJobControl.java:194)
	at java.lang.Thread.run(Thread.java:745)
	at org.apache.pig.backend.hadoop.executionengine.mapReduceLayer.MapReduceLauncher$1.run(MapReduceLauncher.java:276)

Pig Stack Trace
---------------
ERROR 1066: Unable to open iterator for alias ND_AU_wall

org.apache.pig.impl.logicalLayer.FrontendException: ERROR 1066: Unable to open iterator for alias ND_AU_wall
	at org.apache.pig.PigServer.openIterator(PigServer.java:935)
	at org.apache.pig.tools.grunt.GruntParser.processDump(GruntParser.java:754)
	at org.apache.pig.tools.pigscript.parser.PigScriptParser.parse(PigScriptParser.java:376)
	at org.apache.pig.tools.grunt.GruntParser.parseStopOnError(GruntParser.java:230)
	at org.apache.pig.tools.grunt.GruntParser.parseStopOnError(GruntParser.java:205)
	at org.apache.pig.tools.grunt.Grunt.run(Grunt.java:66)
	at org.apache.pig.Main.run(Main.java:565)
	at org.apache.pig.Main.main(Main.java:177)
	at sun.reflect.NativeMethodAccessorImpl.invoke0(Native Method)
	at sun.reflect.NativeMethodAccessorImpl.invoke(NativeMethodAccessorImpl.java:57)
	at sun.reflect.DelegatingMethodAccessorImpl.invoke(DelegatingMethodAccessorImpl.java:43)
	at java.lang.reflect.Method.invoke(Method.java:606)
	at org.apache.hadoop.util.RunJar.run(RunJar.java:221)
	at org.apache.hadoop.util.RunJar.main(RunJar.java:136)
Caused by: java.io.IOException: Couldn't retrieve job.
	at org.apache.pig.PigServer.store(PigServer.java:999)
	at org.apache.pig.PigServer.openIterator(PigServer.java:910)
	... 13 more
================================================================================
Backend error message during job submission
-------------------------------------------
java.lang.NullPointerException
	at org.apache.pig.backend.hadoop.executionengine.mapReduceLayer.PigOutputFormat.checkOutputSpecsHelper(PigOutputFormat.java:190)
	at org.apache.pig.backend.hadoop.executionengine.mapReduceLayer.PigOutputFormat.checkOutputSpecs(PigOutputFormat.java:184)
	at org.apache.hadoop.mapreduce.JobSubmitter.checkSpecs(JobSubmitter.java:266)
	at org.apache.hadoop.mapreduce.JobSubmitter.submitJobInternal(JobSubmitter.java:139)
	at org.apache.hadoop.mapreduce.Job$10.run(Job.java:1290)
	at org.apache.hadoop.mapreduce.Job$10.run(Job.java:1287)
	at java.security.AccessController.doPrivileged(Native Method)
	at javax.security.auth.Subject.doAs(Subject.java:415)
	at org.apache.hadoop.security.UserGroupInformation.doAs(UserGroupInformation.java:1657)
	at org.apache.hadoop.mapreduce.Job.submit(Job.java:1287)
	at org.apache.hadoop.mapreduce.lib.jobcontrol.ControlledJob.submit(ControlledJob.java:335)
	at sun.reflect.GeneratedMethodAccessor17.invoke(Unknown Source)
	at sun.reflect.DelegatingMethodAccessorImpl.invoke(DelegatingMethodAccessorImpl.java:43)
	at java.lang.reflect.Method.invoke(Method.java:606)
	at org.apache.pig.backend.hadoop23.PigJobControl.submit(PigJobControl.java:128)
	at org.apache.pig.backend.hadoop23.PigJobControl.run(PigJobControl.java:194)
	at java.lang.Thread.run(Thread.java:745)
	at org.apache.pig.backend.hadoop.executionengine.mapReduceLayer.MapReduceLauncher$1.run(MapReduceLauncher.java:276)

Backend error message during job submission
-------------------------------------------
java.lang.NullPointerException
	at org.apache.pig.backend.hadoop.executionengine.mapReduceLayer.PigOutputFormat.checkOutputSpecsHelper(PigOutputFormat.java:190)
	at org.apache.pig.backend.hadoop.executionengine.mapReduceLayer.PigOutputFormat.checkOutputSpecs(PigOutputFormat.java:184)
	at org.apache.hadoop.mapreduce.JobSubmitter.checkSpecs(JobSubmitter.java:266)
	at org.apache.hadoop.mapreduce.JobSubmitter.submitJobInternal(JobSubmitter.java:139)
	at org.apache.hadoop.mapreduce.Job$10.run(Job.java:1290)
	at org.apache.hadoop.mapreduce.Job$10.run(Job.java:1287)
	at java.security.AccessController.doPrivileged(Native Method)
	at javax.security.auth.Subject.doAs(Subject.java:415)
	at org.apache.hadoop.security.UserGroupInformation.doAs(UserGroupInformation.java:1657)
	at org.apache.hadoop.mapreduce.Job.submit(Job.java:1287)
	at org.apache.hadoop.mapreduce.lib.jobcontrol.ControlledJob.submit(ControlledJob.java:335)
	at sun.reflect.GeneratedMethodAccessor17.invoke(Unknown Source)
	at sun.reflect.DelegatingMethodAccessorImpl.invoke(DelegatingMethodAccessorImpl.java:43)
	at java.lang.reflect.Method.invoke(Method.java:606)
	at org.apache.pig.backend.hadoop23.PigJobControl.submit(PigJobControl.java:128)
	at org.apache.pig.backend.hadoop23.PigJobControl.run(PigJobControl.java:194)
	at java.lang.Thread.run(Thread.java:745)
	at org.apache.pig.backend.hadoop.executionengine.mapReduceLayer.MapReduceLauncher$1.run(MapReduceLauncher.java:276)

Backend error message during job submission
-------------------------------------------
java.lang.NullPointerException
	at org.apache.pig.backend.hadoop.executionengine.mapReduceLayer.PigOutputFormat.checkOutputSpecsHelper(PigOutputFormat.java:190)
	at org.apache.pig.backend.hadoop.executionengine.mapReduceLayer.PigOutputFormat.checkOutputSpecs(PigOutputFormat.java:184)
	at org.apache.hadoop.mapreduce.JobSubmitter.checkSpecs(JobSubmitter.java:266)
	at org.apache.hadoop.mapreduce.JobSubmitter.submitJobInternal(JobSubmitter.java:139)
	at org.apache.hadoop.mapreduce.Job$10.run(Job.java:1290)
	at org.apache.hadoop.mapreduce.Job$10.run(Job.java:1287)
	at java.security.AccessController.doPrivileged(Native Method)
	at javax.security.auth.Subject.doAs(Subject.java:415)
	at org.apache.hadoop.security.UserGroupInformation.doAs(UserGroupInformation.java:1657)
	at org.apache.hadoop.mapreduce.Job.submit(Job.java:1287)
	at org.apache.hadoop.mapreduce.lib.jobcontrol.ControlledJob.submit(ControlledJob.java:335)
	at sun.reflect.GeneratedMethodAccessor17.invoke(Unknown Source)
	at sun.reflect.DelegatingMethodAccessorImpl.invoke(DelegatingMethodAccessorImpl.java:43)
	at java.lang.reflect.Method.invoke(Method.java:606)
	at org.apache.pig.backend.hadoop23.PigJobControl.submit(PigJobControl.java:128)
	at org.apache.pig.backend.hadoop23.PigJobControl.run(PigJobControl.java:194)
	at java.lang.Thread.run(Thread.java:745)
	at org.apache.pig.backend.hadoop.executionengine.mapReduceLayer.MapReduceLauncher$1.run(MapReduceLauncher.java:276)

Pig Stack Trace
---------------
ERROR 1066: Unable to open iterator for alias ND_AU_wall

org.apache.pig.impl.logicalLayer.FrontendException: ERROR 1066: Unable to open iterator for alias ND_AU_wall
	at org.apache.pig.PigServer.openIterator(PigServer.java:935)
	at org.apache.pig.tools.grunt.GruntParser.processDump(GruntParser.java:754)
	at org.apache.pig.tools.pigscript.parser.PigScriptParser.parse(PigScriptParser.java:376)
	at org.apache.pig.tools.grunt.GruntParser.parseStopOnError(GruntParser.java:230)
	at org.apache.pig.tools.grunt.GruntParser.parseStopOnError(GruntParser.java:205)
	at org.apache.pig.tools.grunt.Grunt.run(Grunt.java:66)
	at org.apache.pig.Main.run(Main.java:565)
	at org.apache.pig.Main.main(Main.java:177)
	at sun.reflect.NativeMethodAccessorImpl.invoke0(Native Method)
	at sun.reflect.NativeMethodAccessorImpl.invoke(NativeMethodAccessorImpl.java:57)
	at sun.reflect.DelegatingMethodAccessorImpl.invoke(DelegatingMethodAccessorImpl.java:43)
	at java.lang.reflect.Method.invoke(Method.java:606)
	at org.apache.hadoop.util.RunJar.run(RunJar.java:221)
	at org.apache.hadoop.util.RunJar.main(RunJar.java:136)
Caused by: java.io.IOException: Couldn't retrieve job.
	at org.apache.pig.PigServer.store(PigServer.java:999)
	at org.apache.pig.PigServer.openIterator(PigServer.java:910)
	... 13 more
================================================================================
Backend error message during job submission
-------------------------------------------
java.lang.NullPointerException
	at org.apache.pig.backend.hadoop.executionengine.mapReduceLayer.PigOutputFormat.checkOutputSpecsHelper(PigOutputFormat.java:190)
	at org.apache.pig.backend.hadoop.executionengine.mapReduceLayer.PigOutputFormat.checkOutputSpecs(PigOutputFormat.java:184)
	at org.apache.hadoop.mapreduce.JobSubmitter.checkSpecs(JobSubmitter.java:266)
	at org.apache.hadoop.mapreduce.JobSubmitter.submitJobInternal(JobSubmitter.java:139)
	at org.apache.hadoop.mapreduce.Job$10.run(Job.java:1290)
	at org.apache.hadoop.mapreduce.Job$10.run(Job.java:1287)
	at java.security.AccessController.doPrivileged(Native Method)
	at javax.security.auth.Subject.doAs(Subject.java:415)
	at org.apache.hadoop.security.UserGroupInformation.doAs(UserGroupInformation.java:1657)
	at org.apache.hadoop.mapreduce.Job.submit(Job.java:1287)
	at org.apache.hadoop.mapreduce.lib.jobcontrol.ControlledJob.submit(ControlledJob.java:335)
	at sun.reflect.GeneratedMethodAccessor17.invoke(Unknown Source)
	at sun.reflect.DelegatingMethodAccessorImpl.invoke(DelegatingMethodAccessorImpl.java:43)
	at java.lang.reflect.Method.invoke(Method.java:606)
	at org.apache.pig.backend.hadoop23.PigJobControl.submit(PigJobControl.java:128)
	at org.apache.pig.backend.hadoop23.PigJobControl.run(PigJobControl.java:194)
	at java.lang.Thread.run(Thread.java:745)
	at org.apache.pig.backend.hadoop.executionengine.mapReduceLayer.MapReduceLauncher$1.run(MapReduceLauncher.java:276)

Backend error message during job submission
-------------------------------------------
java.lang.NullPointerException
	at org.apache.pig.backend.hadoop.executionengine.mapReduceLayer.PigOutputFormat.checkOutputSpecsHelper(PigOutputFormat.java:190)
	at org.apache.pig.backend.hadoop.executionengine.mapReduceLayer.PigOutputFormat.checkOutputSpecs(PigOutputFormat.java:184)
	at org.apache.hadoop.mapreduce.JobSubmitter.checkSpecs(JobSubmitter.java:266)
	at org.apache.hadoop.mapreduce.JobSubmitter.submitJobInternal(JobSubmitter.java:139)
	at org.apache.hadoop.mapreduce.Job$10.run(Job.java:1290)
	at org.apache.hadoop.mapreduce.Job$10.run(Job.java:1287)
	at java.security.AccessController.doPrivileged(Native Method)
	at javax.security.auth.Subject.doAs(Subject.java:415)
	at org.apache.hadoop.security.UserGroupInformation.doAs(UserGroupInformation.java:1657)
	at org.apache.hadoop.mapreduce.Job.submit(Job.java:1287)
	at org.apache.hadoop.mapreduce.lib.jobcontrol.ControlledJob.submit(ControlledJob.java:335)
	at sun.reflect.GeneratedMethodAccessor17.invoke(Unknown Source)
	at sun.reflect.DelegatingMethodAccessorImpl.invoke(DelegatingMethodAccessorImpl.java:43)
	at java.lang.reflect.Method.invoke(Method.java:606)
	at org.apache.pig.backend.hadoop23.PigJobControl.submit(PigJobControl.java:128)
	at org.apache.pig.backend.hadoop23.PigJobControl.run(PigJobControl.java:194)
	at java.lang.Thread.run(Thread.java:745)
	at org.apache.pig.backend.hadoop.executionengine.mapReduceLayer.MapReduceLauncher$1.run(MapReduceLauncher.java:276)

Backend error message during job submission
-------------------------------------------
java.lang.NullPointerException
	at org.apache.pig.backend.hadoop.executionengine.mapReduceLayer.PigOutputFormat.checkOutputSpecsHelper(PigOutputFormat.java:190)
	at org.apache.pig.backend.hadoop.executionengine.mapReduceLayer.PigOutputFormat.checkOutputSpecs(PigOutputFormat.java:184)
	at org.apache.hadoop.mapreduce.JobSubmitter.checkSpecs(JobSubmitter.java:266)
	at org.apache.hadoop.mapreduce.JobSubmitter.submitJobInternal(JobSubmitter.java:139)
	at org.apache.hadoop.mapreduce.Job$10.run(Job.java:1290)
	at org.apache.hadoop.mapreduce.Job$10.run(Job.java:1287)
	at java.security.AccessController.doPrivileged(Native Method)
	at javax.security.auth.Subject.doAs(Subject.java:415)
	at org.apache.hadoop.security.UserGroupInformation.doAs(UserGroupInformation.java:1657)
	at org.apache.hadoop.mapreduce.Job.submit(Job.java:1287)
	at org.apache.hadoop.mapreduce.lib.jobcontrol.ControlledJob.submit(ControlledJob.java:335)
	at sun.reflect.GeneratedMethodAccessor17.invoke(Unknown Source)
	at sun.reflect.DelegatingMethodAccessorImpl.invoke(DelegatingMethodAccessorImpl.java:43)
	at java.lang.reflect.Method.invoke(Method.java:606)
	at org.apache.pig.backend.hadoop23.PigJobControl.submit(PigJobControl.java:128)
	at org.apache.pig.backend.hadoop23.PigJobControl.run(PigJobControl.java:194)
	at java.lang.Thread.run(Thread.java:745)
	at org.apache.pig.backend.hadoop.executionengine.mapReduceLayer.MapReduceLauncher$1.run(MapReduceLauncher.java:276)

Pig Stack Trace
---------------
ERROR 1066: Unable to open iterator for alias JA

org.apache.pig.impl.logicalLayer.FrontendException: ERROR 1066: Unable to open iterator for alias JA
	at org.apache.pig.PigServer.openIterator(PigServer.java:935)
	at org.apache.pig.tools.grunt.GruntParser.processDump(GruntParser.java:754)
	at org.apache.pig.tools.pigscript.parser.PigScriptParser.parse(PigScriptParser.java:376)
	at org.apache.pig.tools.grunt.GruntParser.parseStopOnError(GruntParser.java:230)
	at org.apache.pig.tools.grunt.GruntParser.parseStopOnError(GruntParser.java:205)
	at org.apache.pig.tools.grunt.Grunt.run(Grunt.java:66)
	at org.apache.pig.Main.run(Main.java:565)
	at org.apache.pig.Main.main(Main.java:177)
	at sun.reflect.NativeMethodAccessorImpl.invoke0(Native Method)
	at sun.reflect.NativeMethodAccessorImpl.invoke(NativeMethodAccessorImpl.java:57)
	at sun.reflect.DelegatingMethodAccessorImpl.invoke(DelegatingMethodAccessorImpl.java:43)
	at java.lang.reflect.Method.invoke(Method.java:606)
	at org.apache.hadoop.util.RunJar.run(RunJar.java:221)
	at org.apache.hadoop.util.RunJar.main(RunJar.java:136)
Caused by: java.io.IOException: Couldn't retrieve job.
	at org.apache.pig.PigServer.store(PigServer.java:999)
	at org.apache.pig.PigServer.openIterator(PigServer.java:910)
	... 13 more
================================================================================
Backend error message during job submission
-------------------------------------------
java.lang.NullPointerException
	at org.apache.pig.backend.hadoop.executionengine.mapReduceLayer.PigOutputFormat.checkOutputSpecsHelper(PigOutputFormat.java:190)
	at org.apache.pig.backend.hadoop.executionengine.mapReduceLayer.PigOutputFormat.checkOutputSpecs(PigOutputFormat.java:184)
	at org.apache.hadoop.mapreduce.JobSubmitter.checkSpecs(JobSubmitter.java:266)
	at org.apache.hadoop.mapreduce.JobSubmitter.submitJobInternal(JobSubmitter.java:139)
	at org.apache.hadoop.mapreduce.Job$10.run(Job.java:1290)
	at org.apache.hadoop.mapreduce.Job$10.run(Job.java:1287)
	at java.security.AccessController.doPrivileged(Native Method)
	at javax.security.auth.Subject.doAs(Subject.java:415)
	at org.apache.hadoop.security.UserGroupInformation.doAs(UserGroupInformation.java:1657)
	at org.apache.hadoop.mapreduce.Job.submit(Job.java:1287)
	at org.apache.hadoop.mapreduce.lib.jobcontrol.ControlledJob.submit(ControlledJob.java:335)
	at sun.reflect.GeneratedMethodAccessor17.invoke(Unknown Source)
	at sun.reflect.DelegatingMethodAccessorImpl.invoke(DelegatingMethodAccessorImpl.java:43)
	at java.lang.reflect.Method.invoke(Method.java:606)
	at org.apache.pig.backend.hadoop23.PigJobControl.submit(PigJobControl.java:128)
	at org.apache.pig.backend.hadoop23.PigJobControl.run(PigJobControl.java:194)
	at java.lang.Thread.run(Thread.java:745)
	at org.apache.pig.backend.hadoop.executionengine.mapReduceLayer.MapReduceLauncher$1.run(MapReduceLauncher.java:276)

Pig Stack Trace
---------------
ERROR 1066: Unable to open iterator for alias ND_AU_wall

org.apache.pig.impl.logicalLayer.FrontendException: ERROR 1066: Unable to open iterator for alias ND_AU_wall
	at org.apache.pig.PigServer.openIterator(PigServer.java:935)
	at org.apache.pig.tools.grunt.GruntParser.processDump(GruntParser.java:754)
	at org.apache.pig.tools.pigscript.parser.PigScriptParser.parse(PigScriptParser.java:376)
	at org.apache.pig.tools.grunt.GruntParser.parseStopOnError(GruntParser.java:230)
	at org.apache.pig.tools.grunt.GruntParser.parseStopOnError(GruntParser.java:205)
	at org.apache.pig.tools.grunt.Grunt.run(Grunt.java:66)
	at org.apache.pig.Main.run(Main.java:565)
	at org.apache.pig.Main.main(Main.java:177)
	at sun.reflect.NativeMethodAccessorImpl.invoke0(Native Method)
	at sun.reflect.NativeMethodAccessorImpl.invoke(NativeMethodAccessorImpl.java:57)
	at sun.reflect.DelegatingMethodAccessorImpl.invoke(DelegatingMethodAccessorImpl.java:43)
	at java.lang.reflect.Method.invoke(Method.java:606)
	at org.apache.hadoop.util.RunJar.run(RunJar.java:221)
	at org.apache.hadoop.util.RunJar.main(RunJar.java:136)
Caused by: java.io.IOException: Couldn't retrieve job.
	at org.apache.pig.PigServer.store(PigServer.java:999)
	at org.apache.pig.PigServer.openIterator(PigServer.java:910)
	... 13 more
================================================================================
